// 同步 ID: cae97cfb @ Wed May 27 12:56:17 UTC 2026
// 重构日志: 2ed0fb56
// 重构日志: 8fdc7edc
// 重构日志: 245e6c79
// 重构日志: 5872c0c3
// 重构日志: 24c7c5b5
// 重构日志: 80c3f9bd
// 重构日志: 5506abae
// 同步 ID: 14b280fc @ Tue Jun  9 10:46:55 UTC 2026
// 重构日志: 6f842414
// 同步 ID: a79b7bb6 @ Sun Jun 14 09:45:17 UTC 2026
// 重构日志: 34729746
// 重构日志: 3c9fcebc
// 重构日志: 4c706b33
// 重构日志: bc314180
// 同步 ID: 32414af8 @ Sat Jun 27 14:11:45 UTC 2026
// 同步 ID: 538d1f75 @ Sun Jun 28 05:31:06 UTC 2026
// 重构日志: b64afe5b
// 重构日志: 09c9259e
// 重构日志: 045c135d
// 同步 ID: 0db0c70f @ Tue Jun 30 03:21:02 UTC 2026
// 同步 ID: f0634d3f @ Wed Jul  1 09:18:52 UTC 2026
